C51 COMPILER V9.52.0.0   NHAPNHAYCPROGRAMING                                               04/17/2020 23:01:45 PAGE 1   


C51 COMPILER V9.52.0.0, COMPILATION OF MODULE NHAPNHAYCPROGRAMING
OBJECT MODULE PLACED IN nhapnhayCprograming.OBJ
COMPILER INVOKED BY: C:\Keil\C51\BIN\C51.EXE nhapnhayCprograming.c BROWSE DEBUG OBJECTEXTEND TABS(2)

line level    source

   1          #include <REGX51.H>
   2          
   3          void main(){
   4   1        int i,j;
   5   1        int lap;
   6   1        
   7   1        while(1){
   8   2          
   9   2          //den vang
  10   2          P2_0 = 0x00;
  11   2          for(i=0;i<255;i++)
  12   2            for(j=0;j<255;j++);
  13   2          P2_0 = 0xFF;
  14   2      
  15   2          
  16   2          //den trang
  17   2          P1_6 = 0x00;
  18   2          for(i=0;i<255;i++)
  19   2              for(j=0;j<255;j++) ;
  20   2          P1_6 = 0xFF;
  21   2          
  22   2          //den do
  23   2          P3_0 = 0x00;
  24   2          for(i=0;i<255;i++)
  25   2              for(j=0;j<255;j++);
  26   2          P3_0 = 0xFF;
  27   2        }
  28   1        
  29   1      }
*** WARNING C280 IN LINE 5 OF nhapnhayCprograming.c: 'lap': unreferenced local variable


MODULE INFORMATION:   STATIC OVERLAYABLE
   CODE SIZE        =     92    ----
   CONSTANT SIZE    =   ----    ----
   XDATA SIZE       =   ----    ----
   PDATA SIZE       =   ----    ----
   DATA SIZE        =   ----       2
   IDATA SIZE       =   ----    ----
   BIT SIZE         =   ----    ----
END OF MODULE INFORMATION.


C51 COMPILATION COMPLETE.  1 WARNING(S),  0 ERROR(S)
